<?xml version="1.0" encoding="UTF-8"?>
<!-- Generated by org.testng.reporters.JUnitXMLReporter -->
<testsuite ignored="1" hostname="DESKTOP-E85C9IU" failures="0" tests="2" name="Department2" time="0.044" errors="0" timestamp="2023-05-07T17:09:16 IST">
  <testcase classname="TestNGDetails.Priortize" name="Priortize1" time="0.002"/>
  <testcase classname="TestNGDetails.Priortize" name="Priortize2" time="0.003"/>
  <testcase classname="TestNGDetails.Priortize" name="Priortize3" time="0.0">
    <ignored/>
  </testcase> <!-- Priortize3 -->
</testsuite> <!-- Department2 -->
