<?xml version="1.0" encoding="UTF-8"?>
<!-- Generated by org.testng.reporters.JUnitXMLReporter -->
<testsuite ignored="0" hostname="DESKTOP-E85C9IU" failures="0" tests="5" name="Department1" time="0.202" errors="0" timestamp="2023-05-08T17:06:45 IST">
  <testcase classname="TestNGDetails.AnnTest" name="TestAnnoation2" time="0.02"/>
  <testcase classname="TestNGDetails.XMLFile" name="XMLFILE" time="0.009"/>
  <testcase classname="TestNGDetails.Priortize" name="Priortize1" time="0.005"/>
  <testcase classname="TestNGDetails.Priortize" name="Priortize2" time="0.005"/>
  <testcase classname="TestNGDetails.Priortize" name="Priortize3" time="0.004"/>
</testsuite> <!-- Department1 -->
